<?xml version="1.0" encoding="UTF-8"?>
<!-- Generated by org.testng.reporters.JUnitXMLReporter -->
<testsuite ignored="1" hostname="Aegon" failures="0" tests="1" name="Sanity - User Account Module" time="7.095" errors="0" timestamp="2026-01-10T20:28:06 ICT">
  <testcase classname="testCases.TC002_LoginTest" name="verifyLogin" time="1.946"/>
  <testcase classname="testCases.TC001_AccountRegistrationTest" name="verifyAccountRegistration" time="0.0">
    <ignored/>
  </testcase> <!-- verifyAccountRegistration -->
</testsuite> <!-- Sanity - User Account Module -->
