<?xml version="1.0" encoding="UTF-8"?>
<!-- Generated by org.testng.reporters.JUnitXMLReporter -->
<testsuite ignored="2" hostname="Aegon" failures="0" tests="1" name="Regression" time="5.841" errors="0" timestamp="2026-01-10T20:28:12 ICT">
  <testcase classname="testCases.TC001_AccountRegistrationTest" name="verifyAccountRegistration" time="2.491"/>
  <testcase classname="testCases.TC002_LoginTest" name="verifyLogin" time="0.0">
    <ignored/>
  </testcase> <!-- verifyLogin -->
  <testcase classname="testCases.TC003_LoginDDT" name="verifyLoginDDT" time="0.0">
    <ignored/>
  </testcase> <!-- verifyLoginDDT -->
</testsuite> <!-- Regression -->
